<?xml version="1.0" encoding="UTF-8"?>
<!-- Generated by org.testng.reporters.JUnitReportReporter -->
<testsuite hostname="madhur" failures="0" tests="1" name="ecommerce.EcommerceProject.testcases.LoginPageTest" time="7.710" errors="0" timestamp="2023-08-02T01:55:19 IST" skipped="0">
  <testcase classname="ecommerce.EcommerceProject.testcases.LoginPageTest" name="test_Login_with_valid_credential" time="7.710"/>
</testsuite> <!-- ecommerce.EcommerceProject.testcases.LoginPageTest -->
